<?xml version="1.0" encoding="UTF-8"?>
<!-- Generated by org.testng.reporters.JUnitXMLReporter -->
<testsuite hostname="MAHESHS" ignored="0" name="Chrome Test" tests="1" failures="1" timestamp="15 Mar 2018 10:22:28 GMT" time="17.163" errors="0">
  <testcase name="runManager" time="16.855" classname="RunManager.HybridExecuteTest">
    <failure type="java.lang.NullPointerException">
      <![CDATA[java.lang.NullPointerExceptionat lib.Utility.writeHTMLResultLog(Utility.java:408)at RunManager.HybridExecuteTest.runManager(HybridExecuteTest.java:96)... Removed 25 stack frames]]>
    </failure>
  </testcase> <!-- runManager -->
</testsuite> <!-- Chrome Test -->
